<?xml version="1.0" encoding="UTF-8"?>
<!-- Generated by org.testng.reporters.JUnitXMLReporter -->
<testsuite ignored="0" hostname="DESKTOP-R646QC9" failures="0" tests="4" name="Test" time="0.076" errors="0" timestamp="2024-08-17T15:52:06 IST">
  <testcase classname="practice.Sample2" name="m1" time="0.006"/>
  <testcase classname="practice.Sample2" name="m2" time="0.002"/>
  <testcase classname="practice.Sample" name="m1" time="0.001"/>
  <testcase classname="practice.Sample" name="m2" time="0.001"/>
</testsuite> <!-- Test -->
