<?xml version="1.0" encoding="UTF-8"?>
<testng-results ignored="0" total="1" passed="1" failed="0" skipped="0">
  <reporter-output>
  </reporter-output>
  <suite started-at="2024-09-05T10:45:42 IST" name="Default suite" finished-at="2024-09-05T10:45:45 IST" duration-ms="3193">
    <groups>
    </groups>
    <test started-at="2024-09-05T10:45:42 IST" name="Default test" finished-at="2024-09-05T10:45:45 IST" duration-ms="3193">
      <class name="practice.Insta">
        <test-method signature="InstaLIkes()[pri:0, instance:practice.Insta@158d2680]" started-at="2024-09-05T10:45:42 IST" name="InstaLIkes" finished-at="2024-09-05T10:45:45 IST" duration-ms="3160" status="PASS">
          <reporter-output>
          </reporter-output>
        </test-method> <!-- InstaLIkes -->
      </class> <!-- practice.Insta -->
    </test> <!-- Default test -->
  </suite> <!-- Default suite -->
</testng-results>
